
> app@0.1.0 build /Users/jaejinsong/code/projects/jjlabsio-starter/apps/app
> next build

▲ Next.js 16.1.6 (Turbopack)
- Environments: .env.production, .env

⚠ The "middleware" file convention is deprecated. Please use "proxy" instead. Learn more: https://nextjs.org/docs/messages/middleware-to-proxy
  Creating an optimized production build ...
✓ Compiled successfully in 16.9s
  Running TypeScript ...
  Collecting page data using 7 workers ...
  Generating static pages using 7 workers (0/13) ...
  Generating static pages using 7 workers (3/13) 
  Generating static pages using 7 workers (6/13) 
  Generating static pages using 7 workers (9/13) 
✓ Generating static pages using 7 workers (13/13) in 1106.0ms
  Finalizing page optimization ...

Route (app)
┌ ○ /
├ ○ /_not-found
├ ƒ /about
├ ƒ /api/auth/[...all]
├ ƒ /api/billing/checkout
├ ƒ /api/billing/portal
├ ƒ /api/webhooks/polar
├ ƒ /dashboard
├ ƒ /home
├ ○ /pricing
├ ƒ /settings/billing
└ ○ /sign-in


ƒ Proxy (Middleware)

○  (Static)   prerendered as static content
ƒ  (Dynamic)  server-rendered on demand

